       8507.1621      0.79000667   OH
       8548.1225      0.58419885   OH
       8772.7852       2.8748297   OH
       8832.0214       3.5088498   OH
       8888.7664       2.2635970   OH
       8893.8824       2.1931413   OH
       8920.3992       2.3946206   OH
       8957.7452       1.8860830   OH
       9079.8054      0.31813471   OH
       9103.2320      0.32833706   OH
       9381.1277      0.70587189   OH
       9477.8450      0.56372402   OH
       9519.1916      0.50385299   OH
       9714.5403      0.58334534   OH
       9796.0520      0.99012040   OH
       9955.1541       1.0755962   OH
       10017.361      0.92547525   OH
       10206.578       1.2353515   OH
       10209.898       1.2307387   OH
       10291.703       2.3048724   OH
       10376.240       1.3601653   OH
       10420.203       1.4085022   OH
       10468.541       1.0644357   OH
       10523.946      0.67550623   OH
       10744.214       1.6308660   OH
       10837.076       3.1883032   OH
       10927.186       1.8691577   OH
       10974.581       1.9588726   OH
       11026.594       1.4847951   OH
       11086.062      0.90904514   OH
       11151.708      0.51313210   OH
       11342.472       2.0323910   OH
       11443.081       3.8457892   OH
       11539.962       2.2232109   OH
       11591.175       2.3574882   OH
       11647.567       1.8077789   OH
       11712.142       1.1068927   OH
       12013.649       2.3947050   OH
       12018.458       2.3997827   OH
       12125.973       4.2832992   OH
       12230.472       2.4585786   OH
       12286.593       2.6427337   OH
       12348.531       2.0630340   OH
       12419.167       1.2807962   OH
       12497.708      0.69119419   OH
       12786.128       2.7970355   OH
       12909.550       4.5097878   OH
       13022.756       2.5879993   OH
       13083.494       2.8273923   OH
       13154.056       2.2535401   OH
       13232.609       1.4281450   OH
       13319.627      0.77721447   OH
       13690.913       3.2105309   OH
       13827.912       4.4150753   OH
       14022.647       3.2493072   OH
       14106.388       4.7326851   OH
       14127.577       4.7750395   OH
       14142.076       4.5865013   OH
       14184.594       6.7693604   OH
       14347.694       18.426156   OH
       14469.167       2.9821506   OH
       14519.570       9.7264977   OH
       14564.317       4.5892349   OH
       14603.720       9.8769988   OH
       14696.445       6.9564164   OH
       14800.862       7.4592096   OH
       14827.546       7.7580957   OH
       14841.277       7.2850370   OH
       14886.271       9.9571661   OH
       15058.946       30.313541   OH
       15241.629       15.770805   OH
       15331.498       16.405807   OH
       15429.616       11.281902   OH
       15540.797       9.5969047   OH
       15600.005       8.2362412   OH
       15607.422       8.3339998   OH
       15647.299       12.106896   OH
       15652.780       12.135247   OH
       15837.119       32.672427   OH
       15972.401       5.1524441   OH
       16031.649       17.057810   OH
       16127.790       18.036549   OH
       16233.034       12.502538   OH
       16349.596       8.7501688   OH
       16452.583       9.5355866   OH
       16492.143       11.053756   OH
       16696.389       29.772995   OH
       16840.275       4.7139765   OH
       16904.856       15.622368   OH
       16956.530       7.0780198   OH
       17007.085       16.781600   OH
       17121.493       11.901310   OH
       17246.592       7.2050252   OH
       17382.603       9.2104016   OH
       17440.973       8.0450642   OH
       17501.289       3.3603428   OH
       17658.294       24.239459   OH
       17811.361       3.8823704   OH
       17881.455       12.741437   OH
       17937.012       5.5285463   OH
       17991.841       13.923212   OH
       18116.952       10.177528   OH
       18250.694       5.6886135   OH
       18403.369       5.6866814   OH
       18454.083       5.3531056   OH
       18467.938       5.0009092   OH
       18518.366       6.6104211   OH
       18522.999       6.6123044   OH
       18749.582       17.801990   OH
       18990.809       9.4763056   OH
       19114.258       10.596637   OH
       19249.101       7.9779915   OH
       19396.052       4.5751424   OH
       19701.212       4.2493995   OH
       19710.579       4.1754603   OH
       19761.433       4.6439759   OH
       20014.177       11.667595   OH
       20277.254       6.4332076   OH
       20412.640       7.3895624   OH
       20562.299       5.7553802   OH
       20726.533       3.4566767   OH
       21514.241       6.9607384   OH
       21804.671       4.0747543   OH
       21955.747       4.8313961   OH
       22122.807       3.9619335   OH
       23523.522       11.013245   OH
       23851.218       5.9004826   OH
       23973.253       6.0596748   OH
       25132.729       8.5211428   OH
       25502.612       13.710443   OH
       25669.032       10.498432   OH
