58037.710000 1 ArI
55177.690000 1 ArI
54676.640000 1 ArI
53989.799000 1 ArI
53912.402000 1 ThI
53845.627000 1 ArI
53146.358000 1 ArI
52430.594000 1 ArI
51216.543000 1 ArI
51203.908000 1 ArI
50532.257500 1 ArI
50235.280000 1 ArI
50215.951700 1 ArI
49993.400000 1 ThII
49991.589000 1 ArI
49278.534000 1 ArI
49207.087000 1 ArI
49159.902000 1 ArI
48082.510000 1 ArI
48056.364400 1 ArI
47968.998000 1 ThI
47960.784000 1 ThI
47609.969000 1 ThI
47566.950000 1 ArI
47151.625000 1 ArI
46907.920200 1 ArI
46707.130900 1 ArI
46700.814200 1 ArI
46691.404800 1 ArI
46308.819200 1 ArI
46250.760000 1 ArI
45949.401000 1 ArI
45926.598000 1 ArI
45590.110100 1 ArI
45574.873000 1 ArI
45512.199500 1 ArI
45281.586000 1 ArI
45278.109000 1 ArI
45216.464500 1 ArI
45176.370300 1 ArI
44511.404400 1 ArI
44223.474000 1 ArI
44050.588500 1 ArI
43774.833100 1 ArI
43767.363300 1 ArI
43674.023000 1 ArI
43660.605000 1 ArI
43601.335300 1 ArI
43138.669000 1 ThI
42622.263000 1 ArI
42543.210000 1 ArI
42402.795000 1 ArI
42343.214000 1 ArI
42301.031800 1 ArI
42044.056600 1 ArI
41973.470900 1 ArI
41398.614000 1 ThI
41367.734000 1 ArI
40976.812000 1 ArI
40891.295600 1 ArI
40587.226000 1 ThII
40493.223000 1 ArI
40492.617000 1 ArI
40435.583900 1 ArI
40434.992200 1 ArI
40332.605000 1 ArI
40327.554000 1 ArI
40170.326000 1 ArI
40165.339800 1 ArI
40097.595800 1 ArI
40091.996500 1 ArI
40080.535400 1 ArI
40079.927600 1 ArI
40008.197700 1 ArI
39966.763000 1 ArI
39909.691400 1 ArI
39909.014600 1 ArI
39835.312100 1 ArI
39748.660000 1 ArI
39748.033000 1 ArI
39669.950900 1 ArI
39663.502000 1 ArI
39498.331000 1 ArI
39325.715900 1 ArI
39180.045000 1 ArI
39115.360000 1 ArI
39056.433000 1 ThI
39031.759000 1 ThI
38960.190200 1 ArI
38811.164400 1 ArI
38395.269000 1 ArI
38376.424000 1 ArI
38331.167800 1 ArI
38179.241000 1 ArI
38120.023800 1 ArI
37921.812800 1 ArI
37561.663000 1 ThI
37535.108000 1 ArI
37391.231000 1 ThI
37307.032000 1 ThI
37261.249600 1 ArI
37186.158600 1 ArI
37143.526700 1 ArI
37085.971700 1 ArI
37013.549700 1 ArI
36492.038700 1 ArI
36395.122800 1 ArI
36390.547000 1 ArI
36312.389400 1 ArI
36229.054000 1 ThII
36220.813500 1 ArI
36089.511600 1 ThI
35553.008000 1 ThI
35228.069000 1 ArI
35106.976000 1 ArI
34960.453000 1 ArI
33793.057000 1 ThI
33753.510000 1 ThI
33297.994000 1 ArI
33293.422600 1 ArI
33148.431300 1 ArI
33078.793300 1 ArI
33062.991000 1 ThII
32939.570000 1 ArI
32888.611600 1 ArI
32659.174000 1 ArI
32333.850600 1 ArI
32305.910000 1 ArI
32256.241500 1 ArI
32235.303000 1 ArI
31994.653000 1 ArI
31971.176000 1 ThI
31959.891000 1 ThI
31952.529000 1 ArI
31941.478000 1 ThI
31828.408000 1 ArI
31727.742000 1 ArI
31369.897000 1 ArI
31333.442000 1 ThI
31333.027400 1 ArI
30996.203900 1 ArI
30853.660000 1 ArII
30692.834000 1 ThI
30643.792000 1 ArI
30629.877000 1 ThI
30627.163000 1 ThII
30553.013000 1 ArI
30462.060400 1 ArI
29989.532000 1 ArI
29796.793500 1 ArI
29677.882000 1 ThI
29670.889300 1 ThI
29566.269000 1 ArI
29360.907000 1 ArII
29280.638900 1 ArI
29262.894600 1 ArI
29134.037600 1 ArI
29108.501300 1 ArI
29094.514000 1 ThI
29076.401000 1 ThII
28989.190000 1 ArI
28959.594000 1 ThI
28879.574000 1 ThII
28843.067800 1 ArI
28782.928000 1 ArI
28760.482000 1 ThI
28712.379200 1 ArI
28697.869600 1 ArI
28620.217900 1 ArI
28582.201000 1 ThI
28546.696000 1 ThI
28538.382200 1 ArI
28530.986000 1 ArI
28505.732100 1 ArI
28436.096000 1 ArI
28321.773700 1 ArI
28278.031000 1 ThI
28277.915000 1 ArI
28245.944700 1 ArI
28202.426500 1 ArI
28035.431000 1 ThI
27984.837300 1 ArI
27793.511000 1 ArI
27790.825600 1 ThI
27645.023000 1 ArII
27640.642000 1 ArI
27626.691000 1 ArI
27568.606000 1 ArI
27418.939000 1 ArI
27363.793800 1 ArI
27293.183900 1 ArI
27233.052700 1 ArI
27152.862700 1 ArI
27092.223000 1 ArI
27062.005000 1 ArII
27060.002000 1 ArI
26974.757000 1 ThI
26954.463800 1 ThI
26917.047100 1 ArI
26843.012900 1 ArI
26799.257000 1 ThI
26741.951000 1 ThI
26683.776000 1 ThI
26675.277000 1 ThI
26645.505000 1 ThI
26637.235000 1 ArI
26612.526400 1 ArI
26550.278100 1 ArI
26456.432000 1 ArI
26384.334600 1 ThI
26306.883000 1 ArI
26241.798000 1 ArI
26122.885600 1 ArI
26121.077000 1 ArI
26106.358000 1 ArI
26104.270000 1 ArI
25991.442000 1 ThI
25978.391800 1 ThI
25975.187000 1 ArI
25893.016000 1 ThI
25863.826000 1 ArI
25861.129000 1 ArI
25808.649000 1 ArI
25797.123000 1 ThI
25743.107000 1 ThI
25742.959600 1 ThI
25668.023300 1 ArI
25568.597000 1 ThI
25512.181500 1 ArI
25494.589200 1 ArI
25276.068000 1 ThI
25242.282000 1 ThI
25132.122600 1 ArI
25087.502000 1 ThI
25056.432000 1 ThI
25004.325000 1 ThI
24938.129000 1 ThI
24909.163000 1 ThI
24813.761000 1 ArII
24796.111000 1 ThI
24785.158000 1 ArI
24783.049000 1 ArI
24475.408000 1 ThII
24435.247000 1 ThI
24308.477000 1 ThI
24179.461000 1 ThI
24142.839000 1 ThI
24019.775000 1 ArI
24014.515300 1 ThI
23973.058800 1 ArI
23913.668000 1 ThI
23911.155000 1 ArI
23851.537000 1 ArI
23788.325400 1 ThI
23711.241000 1 ThI
23679.292000 1 ThI
23669.928000 1 ThI
23558.046000 1 ThI
23521.171700 1 ThI
23443.913000 1 ThII
23372.390000 1 ArII
23337.035000 1 ThI
23276.449000 1 ThI
23225.144000 1 ArII
23181.779000 1 ThI
23159.925800 1 ThI
23139.517800 1 ArI
22978.345900 1 ArI
22971.016000 1 ThI
22907.145000 1 ThI
22883.894000 1 ArI
22870.343300 1 ThI
22861.403000 1 ThI
22857.858100 1 ThI
22850.178000 1 ThI
22840.812000 1 ThI
22835.741000 1 ThI
22716.376700 1 ThI
22652.368300 1 ThI
22620.549300 1 ThI
22543.916400 1 ThI
22539.737000 1 ArI
22502.938100 1 ThI
22383.878000 1 ThI
22350.862000 1 ThI
22270.412000 1 ThII
22118.652400 1 ArI
22109.661500 1 ThI
22083.207600 1 ArI
22079.530000 1 ThI
22045.577400 1 ArI
21996.726000 1 ThI
10.000000 2197 
21965.373000 1 ThI
21950.933900 1 ThI
21947.810000 1 ArII
21770.260000 1 ArII
21753.264000 1 ThI
21749.930500 1 ThII
21718.511500 1 ThI
10.000000 0 
21661.658700 1 ThI
21661.268000 1 ThI
10.000000 2164 
21634.917700 1 ThI
21611.532000 1 ThI
21540.083900 1 ArI
21478.709000 1 ThI
21424.553000 1 ThI
21412.592000 1 ThI
21380.941000 1 ThI
21359.027000 1 ThI
21338.708900 1 ArI
21168.468000 1 ThII
21154.262100 1 ThI
21148.958400 1 ThI
21138.418000 1 ThI
21101.546000 1 ThII
21055.955000 1 ThI
21041.564400 1 ArI
21025.256000 1 ThI
20992.703000 1 ThII
20991.838700 1 ArI
20957.188000 1 ThI
20885.269000 1 ThI
20875.145000 1 ThI
20868.262000 1 ThI
20816.713100 1 ArI
20740.991800 1 ArI
20739.220100 1 ArI
20721.988900 1 ArI
20697.724100 1 ThII
20685.762100 1 ThI
20652.762400 1 ArI
20640.010000 1 ThI
20621.856600 1 ArI
20574.426300 1 ArI
20427.321000 1 ThI
20386.862400 1 ThI
20383.448000 1 ThI
20323.299800 1 ThI
20322.553500 1 ArI
20306.453000 1 ThII
20196.886500 1 ThI
20134.197000 1 ThI
20082.868000 1 ThI
20074.405200 1 ArI
20053.415000 1 ThI
20035.567500 1 ArI
20031.572000 1 ThI
20031.130900 1 ArI
20010.897900 1 ThII
19997.689000 1 ArI
19971.180200 1 ArI
19950.509300 1 ArI
19908.552000 1 ArI
19908.136400 1 ThI
19887.714000 1 ThI
10.000000 0 
19863.080000 1 ThI
19858.316000 1 ThI
19822.909100 1 ArI
19791.423400 1 ThI
10.000000 0 
19779.702400 1 ThII
19770.562100 1 ThI
19746.810800 1 ThI
19688.796000 1 ThII
19688.595700 1 ThII
19679.884600 1 ThI
19675.264000 1 ThI
19673.821100 1 ThI
19649.890000 1 ThII
19644.249000 1 ArII
19633.592000 1 ArI
19622.494000 1 ThI
19600.415500 1 ThI
10.000000 0 
19482.073000 1 ThI
19477.609000 1 ArI
10.000000 0 
10.000000 1943 
19405.762200 1 ThI
19402.069000 1 ThI
19396.613000 1 ThI
19344.263800 1 ThII
19323.149000 1 ThI
10.000000 0 
19300.178000 1 ArI
19209.895600 1 ThI
19195.879000 1 ThI
19183.612000 1 ThI
19182.016000 1 ArI
19180.504000 1 ArI
19157.036600 1 ThI
19153.067200 1 ThI
19150.849400 1 ThII
19148.502600 1 ThII
19129.030000 1 ArI
19118.320500 1 ThI
19113.715000 1 ThI
19093.811000 1 ThI
19079.618300 1 ThI
19078.494000 1 ThI
19055.570000 1 ThI
19024.172000 1 ArI
19023.800000 1 ThI
18989.717400 1 ThI
10.000000 0 
18947.263000 1 ThI
18924.952000 1 ThI
18891.857600 1 ThI
18882.930000 1 ArI
10.000000 1887 
18870.743900 1 ThI
18855.864000 1 ThI
18817.009300 1 ThI
18807.540000 1 ThI
18777.580600 1 ThII
18773.709000 1 ArI
18768.591000 1 ArI
18750.117800 1 ArI
18735.912800 1 ThI
18674.440200 1 ThI
18662.310000 1 ThI
18656.847900 1 ThI
18646.766000 1 ArI
18637.367800 1 ArI
18609.560000 1 ArII
18606.928000 1 ThI
18600.936200 1 ThI
18580.021000 1 ArII
18576.655200 1 ArI
18575.234800 1 ArI
18569.294600 1 ArI
18563.038200 1 ThI
18529.351000 1 ThI
18525.064000 1 ArII
18495.684200 1 ThI
18494.520000 1 ArII
18494.308000 1 ArII
18491.761300 1 ArI
18490.713000 1 ArI
18473.493900 1 ThI
18467.592000 1 ArII
18467.192000 1 ArII
18445.522800 1 ThI
18443.596000 1 ArII
18434.478600 1 ArI
18433.431200 1 ArI
18432.799400 1 ArI
18426.660000 1 ArI
18423.210200 1 ArI
18423.081300 1 ArI
18379.867000 1 ArI
18366.349000 1 ArI
18353.011600 1 ArI
18351.596000 1 ThI
18289.639000 1 ThI
18276.368000 1 ThII
18248.003100 1 ArI
18244.400000 1 ThII
18236.321700 1 ArI
18190.724900 1 ArI
18166.530000 1 ThI
18130.909800 1 ThI
18108.044000 1 ThI
18077.265500 1 ThI
10.000000 1803 
10.000000 1802 
18012.480000 1 ThI
17998.698000 1 ThI
17981.878800 1 ThI
17969.821700 1 ThI
17960.764000 1 ThI
10.000000 1795 
17941.336900 1 ThII
17919.618600 1 ArI
17919.521400 1 ArI
17910.201000 1 ArII
17893.054500 1 ArI
17892.850000 1 ThI
17892.067100 1 ArI
17891.555000 1 ThI
17887.925000 1 ThI
17878.471000 1 ThI
17861.375000 1 ArII
17830.740300 1 ThI
17828.864100 1 ThI
17793.058000 1 ThI
17788.018200 1 ThI
17761.940000 1 ThI
17749.743200 1 ThI
17725.187000 1 ThI
17708.500700 1 ThI
17701.254800 1 ThI
17693.572000 1 ThI
17688.645000 1 ThI
17682.302000 1 ThI
17674.425000 1 ThI
17654.292000 1 ThI
17639.141400 1 ThI
17637.357000 1 ArII
17630.844100 1 ThI
17627.899500 1 ThI
17589.310400 1 ThI
17577.909500 1 ThI
17557.455500 1 ThI
17539.303000 1 ThII
17526.507000 1 ThI
17513.129000 1 ThI
17485.826400 1 ThII
17478.469000 1 ThI
17450.012300 1 ThI
17449.666200 1 ArI
17409.075400 1 ThI
17406.654000 1 ArI
17399.322000 1 ThI
17390.106500 1 ThI
17386.653000 1 ThI
17385.347600 1 ThI
17312.384600 1 ThI
17300.831000 1 ArI
17272.643500 1 ThI
17268.874900 1 ThI
17230.365400 1 ThI
17212.921700 1 ThII
10.000000 1721 
17191.581000 1 ThI
17170.449000 1 ThI
17149.894000 1 ThI
10.000000 1714 
17140.007900 1 ThI
17138.835100 1 ThI
17125.984200 1 ThI
17118.210000 1 ThI
17092.997000 1 ThI
10.000000 1708 
17083.456100 1 ThI
17080.404700 1 ThI
17013.193000 1 ThI
17009.338600 1 ThI
10.000000 1698 
16945.212100 1 ArI
16943.354300 1 ThI
16894.680900 1 ThII
16883.908200 1 ThII
16864.698800 1 ArI
16857.228000 1 ThI
16825.523700 1 ThI
16789.799000 1 ThI
16789.642000 1 ThI
16773.128300 1 ThI
16753.018800 1 ThI
16752.072000 1 ThI
16744.648100 1 ArI
16734.585000 1 ThI
16717.000100 1 ThI
16709.205900 1 ThI
16629.152000 1 ThI
16603.888700 1 ThI
16596.643700 1 ThI
16594.086000 1 ThI
16592.352500 1 ThI
16554.910800 1 ArI
16553.782400 1 ArI
16544.936900 1 ThI
16542.908000 1 ThI
16538.840200 1 ThI
16524.378300 1 ArI
16508.302500 1 ThI
16441.068900 1 ThI
16417.292000 1 ThI
16385.385500 1 ThII
16368.092000 1 ThI
16345.208800 1 ThI
16334.268000 1 ThI
16315.150700 1 ThI
16313.039000 1 ThI
16308.588200 1 ThI
16284.727100 1 ThI
16268.511000 1 ArI
16244.895000 1 ThII
16242.562100 1 ThI
16225.159400 1 ThI
16184.440600 1 ArI
16182.880000 1 ThI
16156.839000 1 ArI
16151.999800 1 ThI
16147.168000 1 ThI
16127.063000 1 ArI
16114.190500 1 ThI
16076.978000 1 ThI
16076.370000 1 ThI
16042.885300 1 ThI
16037.535000 1 ThI
16018.791000 1 ThI
16012.688200 1 ThI
16010.125800 1 ThI
16002.204000 1 ThI
15993.858900 1 ArI
15982.757000 1 ThI
15964.375600 1 ThI
15958.805300 1 ThI
15940.419700 1 ThI
15936.769800 1 ThII
15926.473800 1 ThI
15904.030900 1 ArI
15903.882600 1 ThI
15896.193400 1 ThI
15895.904000 1 ThI
15887.505700 1 ArI
15852.052500 1 ThI
15836.071300 1 ThI
15829.498100 1 ThI
15821.095600 1 ArI
15819.815300 1 ThII
15797.466800 1 ArI
15780.921900 1 ArI
15771.870000 1 ThII
15748.181300 1 ThI
15739.206600 1 ArI
15717.439800 1 ThI
15705.588900 1 ThI
15680.438600 1 ThI
15645.604300 1 ThI
15644.720100 1 ThII
15638.747600 1 ThI
15632.540600 1 ThI
15613.194000 1 ThI
15612.410000 1 ThI
15603.084200 1 ThI
15602.935700 1 ThI
15589.479400 1 ThI
15587.889000 1 ThI
15580.831300 1 ThI
15580.120000 1 ThI
15576.614000 1 ThI
15576.368700 1 ThI
15573.752100 1 ThI
10.000000 1556 
10.000000 1556 
15559.712200 1 ArI
15557.489600 1 ThI
15555.924100 1 ThI
15546.908100 1 ThI
15527.393000 1 ThI
15520.672800 1 ThI
15477.540000 1 ThI
15477.089700 1 ThI
15450.953800 1 ArI
15444.328200 1 ThI
15443.765000 1 ThI
15433.996300 1 ThI
15406.852900 1 ArI
15399.918500 1 ThI
15359.882500 1 ThI
15357.321900 1 ArI
15353.441200 1 ArI
15352.714900 1 ArI
15333.535300 1 ArI
15320.121000 1 ThII
15311.472200 1 ThI
15306.065300 1 ArI
15296.678000 1 ThI
15295.386700 1 ThI
15286.209000 1 ThI
15278.899000 1 ArI
15277.938000 1 ArI
15277.500000 1 ThI
15268.520000 1 ThI
15244.416500 1 ThII
15243.450900 1 ThI
10.000000 1523 
15194.924800 1 ThI
15194.503000 1 ThI
15193.005800 1 ThII
15181.878500 1 ArI
15176.835500 1 ArI
15147.482500 1 ThI
15116.610700 1 ThI
15104.951900 1 ThI
15103.453300 1 ThI
10.000000 1510 
15099.489000 1 ThI
15094.934000 1 ThI
15069.835000 1 ThI
15056.679000 1 ArI
15056.058400 1 ThII
15053.777000 1 ThI
15050.617900 1 ArI
15049.518300 1 ThI
15035.275900 1 ArI
15034.622000 1 ArI
15025.903600 1 ThI
15014.126800 1 ThI
14998.755300 1 ThI
14998.652000 1 ThI
14992.696100 1 ThII
14988.984300 1 ThI
14981.415900 1 ThI
10.000000 1498 
14978.662000 1 ArI
14974.848000 1 ThI
14972.578000 1 ThI
14971.046000 1 ArI
14951.387700 1 ThI
14948.067500 1 ThI
14944.584400 1 ThII
14933.118000 1 ThI
14932.569400 1 ThI
14915.119500 1 ThI
14915.069000 1 ThI
14914.511100 1 ThI
14902.205000 1 ArI
14880.573000 1 ArI
14837.532700 1 ArI
14834.267800 1 ThI
14834.049000 1 ThI
14813.078500 1 ThI
14810.506700 1 ThI
14809.464600 1 ThI
14801.921500 1 ThI
14790.104000 1 ArI
14789.428400 1 ArI
14787.929000 1 ArI
14781.263000 1 ThI
14776.055800 1 ThI
14768.777200 1 ThI
14760.655000 1 ThI
14746.218000 1 ArI
14745.356000 1 ThI
14743.167300 1 ArI
14723.565200 1 ArI
14723.463000 1 ThI
14722.814300 1 ThI
14720.378400 1 ThI
10.000000 1471 
10.000000 1470 
14699.591600 1 ThI
14697.691500 1 ArI
14697.025800 1 ArI
14688.658000 1 ArI
14681.257500 1 ThI
14658.921500 1 ThI
14655.473600 1 ThI
14654.353100 1 ArI
10.000000 0 
14638.414600 1 ArI
14636.373500 1 ArI
14635.635000 1 ArI
14632.694900 1 ThI
14631.878900 1 ThII
14622.967700 1 ThI
14608.142100 1 ThI
14607.549700 1 ThII
14602.578700 1 ArI
14600.463700 1 ArI
14599.724800 1 ArI
14583.716800 1 ThII
14581.444800 1 ArI
14577.613400 1 ThI
14574.329400 1 ThI
14565.626000 1 ThI
14560.998300 1 ThII
14552.122100 1 ThI
14549.925100 1 ThI
14537.386900 1 ThI
14523.901300 1 ThI
14507.201200 1 ThII
14506.883100 1 ThI
14497.375300 1 ThI
14479.791300 1 ThI
14473.137400 1 ThI
14465.454000 1 ThI
14456.095100 1 ThI
14455.710100 1 ThI
14453.294100 1 ThI
14442.751700 1 ThI
14428.477800 1 ThI
14427.334000 1 ThI
14416.482000 1 ThI
14402.381300 1 ThI
14378.345200 1 ThI
14368.637600 1 ThI
14367.611000 1 ThI
14362.864000 1 ThI
14361.761500 1 ThI
14347.188000 1 ThII
14343.951700 1 ThI
14317.913000 1 ThI
14310.468800 1 ThI
14300.565300 1 ThI
14287.393000 1 ThI
14279.135300 1 ThII
14263.137000 1 ThI
14260.763200 1 ArI
14258.749000 1 ArI
14258.607000 1 ThI
14258.039400 1 ArI
14253.090200 1 ArI
14248.099900 1 ThI
14242.548700 1 ThI
14239.611200 1 ThI
14238.785000 1 ThI
14237.185000 1 ArII
14235.214800 1 ThI
14196.198800 1 ThI
14194.921700 1 ThI
14191.355800 1 ThI
14178.585800 1 ArI
14172.544400 1 ThI
14152.505500 1 ThI
14105.254600 1 ThI
14104.728000 1 ThI
14097.494000 1 ArI
14094.099000 1 ThI
14088.911500 1 ArII
14083.661800 1 ThI
14081.613000 1 ArII
14077.186200 1 ThI
14074.596700 1 ThII
10.000000 1407 
14073.025900 1 ThI
14067.455600 1 ThI
14065.826000 1 ArI
14065.065000 1 ThI
10.000000 1405 
14036.243000 1 ThI
14032.391800 1 ThI
14030.438700 1 ThI
13996.962500 1 ThI
13996.633700 1 ArI
13979.909100 1 ThI
13979.747500 1 ThI
13976.159000 1 ThI
13974.191000 1 ThI
13968.600000 1 ThI
13950.323000 1 ArI
13942.973900 1 ArII
13940.539900 1 ThI
13934.039200 1 ThI
13914.364400 1 ArI
13911.280600 1 ArI
13908.290700 1 ThI
13890.313600 1 ThI
13878.873100 1 ThI
10.000000 1387 
13870.785100 1 ArI
13870.192400 1 ArI
13858.828000 1 ArII
13832.179400 1 ArI
13832.107500 1 ArI
13829.494800 1 ArI
13819.365200 1 ThI
13815.257500 1 ThII
13813.566400 1 ThI
13796.187300 1 ThI
13783.353900 1 ThI
13782.688900 1 ThII
13777.879000 1 ThI
13763.960100 1 ThI
13760.326900 1 ThII
13756.688600 1 ThI
13751.917800 1 ThI
13749.631500 1 ThI
13743.707400 1 ThI
13742.330900 1 ThI
13739.196000 1 ThI
13737.972900 1 ThI
13735.021200 1 ThI
13727.944500 1 ArII
13723.457000 1 ThI
13722.327800 1 ArI
13702.951000 1 ThII
13686.261800 1 ThI
13682.290600 1 ArI
13680.799400 1 ThI
13676.223000 1 ThI
13668.488600 1 ThI
13666.322400 1 ThI
13666.192100 1 ThI
13662.044000 1 ArI
13656.520000 1 ArI
13651.339200 1 ThI
13639.800500 1 ThII
13637.282200 1 ArII
10.000000 1363 
13632.655900 1 ThI
13630.036000 1 ThI
13629.843700 1 ThII
13626.384600 1 ArI
13613.323000 1 ThI
13603.413600 1 ThI
13603.052600 1 ArI
13602.316100 1 ThI
13601.882300 1 ThI
13601.530700 1 ThI
13592.493500 1 ThI
13583.221600 1 ThI
13583.118900 1 ThI
13577.328100 1 ArI
13574.118500 1 ThI
13569.371300 1 ThI
13566.092000 1 ThI
13552.803800 1 ThI
13547.905200 1 ArI
13544.444700 1 ThI
13542.127500 1 ThI
10.000000 1353 
13535.910400 1 ThI
13521.843500 1 ThI
13521.407500 1 ThI
13518.369800 1 ThI
13507.883400 1 ArI
13504.694600 1 ThI
13503.096900 1 ArI
13497.306700 1 ThI
13495.135800 1 ThI
13487.992600 1 ThI
13487.883000 1 ThI
13476.409400 1 ArII
10.000000 0 
13454.006900 1 ArII
13452.884600 1 ThI
13451.431000 1 ThI
13447.596400 1 ThI
13444.252000 1 ThI
13442.771000 1 ThI
13437.002300 1 ThI
13430.579000 1 ThI
13430.364700 1 ThI
13428.597100 1 ArII
13427.156600 1 ThI
13424.949000 1 ThI
13423.241100 1 ThI
13410.256100 1 ArI
13408.613200 1 ThI
13389.893800 1 ThI
13385.872200 1 ThI
13377.664000 1 ThI
13377.489000 1 ArI
13372.447700 1 ThI
13371.482400 1 ArI
13370.767400 1 ArI
13369.701300 1 ArI
10.000000 1336 
13340.351400 1 ThI
13338.311100 1 ThI
13333.763500 1 ArI
13321.171900 1 ArI
13318.340000 1 ThI
13316.851000 1 ArI
13305.951100 1 ArI
13299.664000 1 ThI
13294.457500 1 ThI
13285.079900 1 ThI
13283.283000 1 ThI
13278.978000 1 ThI
13276.266100 1 ArI
13274.957000 1 ThI
13271.507500 1 ThI
13267.259000 1 ThI
13260.703700 1 ThI
13257.485900 1 ThI
13252.480600 1 ThI
13251.353000 1 ThI
13249.281100 1 ThI
13247.584600 1 ArI
13243.361300 1 ThI
13239.781000 1 ThI
13238.468900 1 ThI
13237.904600 1 ArI
13234.513000 1 ArI
13231.723800 1 ArI
13227.004500 1 ThII
13217.607100 1 ArI
13208.895800 1 ThI
13204.575900 1 ThI
13187.890000 1 ThI
13187.547500 1 ThI
13187.383700 1 ThI
13160.207600 1 ThI
13157.435100 1 ArI
13154.542600 1 ThI
13152.701000 1 ThI
13152.298000 1 ThI
13149.507200 1 ThII
13148.144800 1 ThI
13146.533800 1 ThI
13133.873400 1 ArI
13132.092400 1 ThI
13131.513700 1 ThI
13127.693900 1 ThI
13120.338200 1 ThI
13112.672000 1 ArI
13111.489800 1 ThI
13110.696000 1 ArI
13106.410700 1 ThI
13105.435000 1 ThI
13104.708300 1 ThI
13074.405600 1 ThI
13072.979400 1 ThI
13059.669600 1 ThI
13059.458900 1 ThI
13054.747200 1 ArI
13052.596300 1 ThI
13047.746800 1 ThI
13046.973200 1 ThI
13038.337700 1 ThI
13034.690000 1 ThI
13031.989200 1 ArI
13029.748400 1 ThI
13020.207800 1 ThII
13013.710900 1 ThI
13011.821900 1 ArI
13011.385200 1 ThI
13009.715000 1 ThII
13007.836700 1 ThII
12998.079000 1 ThI
12993.139900 1 ThI
12992.253400 1 ArI
12991.729000 1 ThI
12990.481900 1 ThI
12986.084400 1 ThI
12974.280900 1 ThI
12967.238100 1 ThI
12964.737700 1 ThI
12963.362500 1 ThI
12960.204000 1 ArI
12955.625800 1 ThI
10.000000 0 
12944.203300 1 ThII
12943.106100 1 ThI
12942.483500 1 ThI
12938.766300 1 ThI
12937.088400 1 ThII
12936.732200 1 ArI
12935.642700 1 ThI
12929.426100 1 ThII
12924.558600 1 ThI
12922.824600 1 ThI
12920.511000 1 ThI
12906.538000 1 ArI
12903.772500 1 ThI
12902.387200 1 ThI
12891.711500 1 ThI
12877.047200 1 ThI
12876.897000 1 ArI
12876.227800 1 ThI
12870.328000 1 ThI
12870.160600 1 ThI
12865.162500 1 ThI
10.000000 0 
12845.259200 1 ThI
12841.405000 1 ThI
10.000000 0 
12838.241500 1 ThI
12834.051800 1 ThI
12830.311700 1 ThI
10.000000 0 
12816.987200 1 ArI
12806.241900 1 ArI
12803.452800 1 ThI
12798.969700 1 ArI
12795.045100 1 ArI
12786.274400 1 ArII
12785.780600 1 ThI
12785.548900 1 ThI
12785.071600 1 ThI
12776.675400 1 ThI
12776.323700 1 ArI
12769.434500 1 ArI
12765.586200 1 ThI
12749.718700 1 ArI
12746.989800 1 ThI
12737.058800 1 ThI
12736.901100 1 ArI
12735.893000 1 ArII
12726.388900 1 ThI
12724.279000 1 ThI
10.000000 0 
12713.294700 1 ThI
12712.803700 1 ThI
12705.757100 1 ArI
10.000000 0 
12694.888600 1 ThI
12693.516000 1 ThI
12688.933500 1 ThI
12688.287200 1 ThII
12686.681900 1 ThII
12683.626600 1 ArII
12677.418800 1 ThI
10.000000 0 
12672.229800 1 ThI
12664.760000 1 ArI
12653.801500 1 ArI
10.000000 0 
10.000000 0 
12651.843800 1 ThI
12649.994000 1 ThII
12649.150400 1 ThI
12645.802100 1 ThII
12644.836500 1 ThI
12641.939000 1 ArI
12639.599600 1 ThI
12636.001300 1 ThI
12625.071700 1 ArI
12623.819700 1 ArII
10.000000 0 
12620.649800 1 ThI
12613.837400 1 ThI
12608.091600 1 ThI
12599.655600 1 ArI
12598.145000 1 ArI
12591.330500 1 ThI
12586.664500 1 ThI
12583.677100 1 ThI
12583.535600 1 ThI
12575.130500 1 ThI
10.000000 0 
12567.268800 1 ThI
12566.082500 1 ThI
12564.989200 1 ThI
12564.602000 1 ThI
12562.286200 1 ThI
12557.762600 1 ArI
12556.462500 1 ThI
12556.230200 1 ThI
12549.166000 1 ArI
12544.396000 1 ThI
10.000000 0 
12522.692000 1 ThI
12521.617700 1 ThI
12511.815600 1 ThI
12506.188800 1 ThI
10.000000 0 
12492.089800 1 ThI
12491.079400 1 ArI
12480.709200 1 ThI
12479.713100 1 ThI
12477.775300 1 ThI
12472.638900 1 ThI
12468.458800 1 ThI
10.000000 1246 
12464.381900 1 ThI
12459.522300 1 ArI
12457.920900 1 ThI
12456.667300 1 ThI
12450.896800 1 ThI
12449.751700 1 ThI
12448.792200 1 ThI
12445.412600 1 ThI
12444.043900 1 ThI
12443.198900 1 ThI
12442.726000 1 ArI
10.000000 0 
12432.679900 1 ThI
12425.693100 1 ThI
12423.423100 1 ArI
12422.787900 1 ArI
12422.557900 1 ThI
12418.556300 1 ThI
12409.582500 1 ThI
10.000000 0 
12406.221500 1 ArI
12401.239700 1 ThI
12385.199200 1 ThI
12381.672500 1 ThI
12381.074000 1 ArI
12375.881300 1 ThII
12375.385200 1 ThI
12367.645000 1 ThI
12363.006900 1 ThI
12359.673600 1 ArI
12359.202300 1 ArI
12355.359600 1 ThI
12352.860100 1 ThI
12346.771100 1 ArI
10.000000 0 
12341.373600 1 ThI
12334.173100 1 ThI
12332.573800 1 ThI
12331.857400 1 ThI
12324.486300 1 ThI
12321.419100 1 ThI
12320.283300 1 ThI
12319.741500 1 ThI
12316.097000 1 ThI
12313.427700 1 ThI
12299.284700 1 ThI
12298.349500 1 ThI
12296.317800 1 ThI
12277.449000 1 ArI
12277.212800 1 ThI
12274.757000 1 ThI
12266.793000 1 ThI
12265.603000 1 ThI
12265.261500 1 ThI
12260.093100 1 ThI
12252.534500 1 ThI
12248.835100 1 ThI
12248.329100 1 ThII
12240.678100 1 ThI
12239.894400 1 ThI
12238.293000 1 ThI
12237.723700 1 ArI
12236.544700 1 ThI
12235.291100 1 ThI
12232.684400 1 ThI
12229.947000 1 ThI
12229.525700 1 ThI
12227.126000 1 ThI
12219.757300 1 ThI
12216.338000 1 ArI
12215.208100 1 ThI
12210.802400 1 ThI
12210.233100 1 ThI
12197.499800 1 ThII
12192.203000 1 ThI
12185.352100 1 ThI
12181.779400 1 ThI
10.000000 0 
12175.145300 1 ThI
12175.063500 1 ThI
12171.148400 1 ThI
12167.915000 1 ArII
12165.751700 1 ThI
12154.691100 1 ArI
12152.714200 1 ArI
10.000000 0 
12144.271000 1 ThI
12144.067500 1 ThI
12143.061400 1 ArI
12142.339000 1 ThI
12135.334900 1 ThI
12132.742700 1 ThI
12132.223500 1 ThI
12130.619600 1 ThI
12129.737300 1 ThI
12125.756400 1 ArII
12122.958500 1 ThI
12115.641100 1 ArI
12112.747300 1 ThI
12112.623900 1 ThI
12103.088800 1 ThI
12092.871500 1 ArII
12090.677000 1 ThII
12085.522400 1 ThI
12078.839100 1 ThI
12077.966600 1 ThI
12069.576000 1 ArII
12064.839000 1 ThI
12054.557500 1 ThI
12046.238600 1 ThI
12041.540600 1 ThI
12040.931000 1 ThI
12029.940900 1 ArI
12023.382300 1 ThI
12022.005200 1 ThI
12021.339300 1 ThI
12019.233000 1 ThI
12011.146400 1 ThII
12009.235000 1 ThI
11987.948000 1 ThII
11977.411400 1 ThI
11964.842700 1 ThI
11963.416700 1 ThII
11955.336500 1 ThI
11949.882000 1 ThI
11948.685700 1 ThI
11948.628300 1 ThI
11947.135300 1 ArI
11946.547500 1 ArI
11945.394900 1 ThI
11943.905000 1 ThI
11928.466700 1 ThI
11919.844800 1 ThI
11914.767000 1 ThII
11913.116300 1 ThI
11903.091100 1 ThI
11899.889500 1 ArI
11898.198200 1 ThI
11892.074600 1 ThI
11890.605800 1 ThI
11889.334100 1 ThII
11887.783100 1 ThI
11887.733400 1 ArI
11886.024100 1 ThI
11883.236900 1 ArI
11881.860300 1 ThI
11878.097700 1 ArII
11877.871600 1 ThI
11877.453100 1 ThII
11877.105600 1 ThI
11873.880400 1 ThI
11871.615100 1 ThI
11868.887300 1 ThII
11867.493900 1 ThI
11865.440000 1 ThI
11861.627100 1 ThI
11842.929100 1 ThII
11840.420500 1 ThI
11838.174700 1 ThI
11832.971500 1 ThI
11832.875400 1 ThI
11830.817400 1 ThI
11828.140300 1 ThI
11825.871700 1 ThI
11825.072400 1 ThI
11821.779800 1 ThI
11815.156400 1 ThI
11810.542200 1 ThII
11807.847900 1 ThI
11807.341900 1 ThI
11805.339500 1 ThI
11796.289400 1 ThI
11795.871300 1 ThI
11793.606300 1 ThI
11782.750100 1 ThI
10.000000 1178 
11779.636200 1 ThII
11778.389400 1 ThI
11769.874100 1 ThI
11764.756900 1 ThI
10.000000 0 
11736.442600 1 ArI
11732.543800 1 ThI
11726.491800 1 ThI
11725.690000 1 ThI
10.000000 0 
11722.696900 1 ArI
11717.095300 1 ThI
11715.423300 1 ThI
11711.411500 1 ArI
11706.656500 1 ThI
11702.028800 1 ThI
11698.461200 1 ThI
11697.479000 1 ThI
11697.199700 1 ThI
11690.803000 1 ArI
11686.108500 1 ThI
11681.683100 1 ArI
11681.503000 1 ThI
11671.904300 1 ArI
11670.832700 1 ThI
11666.106500 1 ThI
11664.367700 1 ThI
11661.973900 1 ThI
11660.449000 1 ThI
11651.689900 1 ThI
11644.381500 1 ThI
11639.770800 1 ThI
11639.683400 1 ThI
11639.335200 1 ThI
11637.786500 1 ThI
11635.525600 1 ThI
11635.139000 1 ThII
11621.370900 1 ThI
11620.639700 1 ThI
11618.385000 1 ThI
11616.490900 1 ThI
11613.088400 1 ThI
11608.645400 1 ThI
11605.766200 1 ThI
11600.172000 1 ThI
11599.158400 1 ThI
11593.125600 1 ThI
10.000000 0 
11584.475500 1 ThI
11583.560500 1 ArI
11583.010000 1 ThI
11582.284000 1 ArI
11581.423800 1 ThI
11578.683600 1 ThI
11576.818200 1 ThI
11574.646500 1 ThI
11561.376600 1 ThI
11560.498100 1 ThII
11554.773800 1 ThI
11546.975800 1 ThI
11539.225300 1 ThI
11534.091000 1 ThI
10.000000 0 
11529.612500 1 ThI
11520.538000 1 ThI
11519.606300 1 ThI
11519.444000 1 ThI
11518.112800 1 ThI
11515.953000 1 ThI
11515.210700 1 ThI
11514.709900 1 ThI
11514.428500 1 ThI
11513.173200 1 ThI
11509.220600 1 ThI
11505.330500 1 ThI
11504.625300 1 ThI
11497.209400 1 ThI
11493.029600 1 ThI
11491.254000 1 ArI
11481.920300 1 ThI
11479.215300 1 ThI
11478.893500 1 ThI
11475.957200 1 ThI
11471.735000 1 ThI
11470.685000 1 ArI
11468.176700 1 ThI
11467.918600 1 ThI
11461.592000 1 ThI
11458.678700 1 ThI
11447.549400 1 ThI
11445.880600 1 ThI
11444.964700 1 ArI
11435.979500 1 ThI
11435.721600 1 ThI
11432.836200 1 ThI
11423.165200 1 ThI
11422.818300 1 ThI
11420.430100 1 ThI
11401.757200 1 ArI
11396.820700 1 ArI
11389.351800 1 ThI
11387.586500 1 ThI
11387.037000 1 ThI
11377.835500 1 ThII
11374.410600 1 ThI
11372.196900 1 ThI
11369.427400 1 ThI
11364.175900 1 ArII
11361.673500 1 ThI
11361.607200 1 ThI
11359.714800 1 ThI
11357.822500 1 ThI
11355.229600 1 ThI
11355.028000 1 ThI
11353.183200 1 ThI
11349.594200 1 ThI
11346.821500 1 ThI
11345.961700 1 ThI
11335.145600 1 ThI
11334.477500 1 ThI
11333.526400 1 ThI
11330.071800 1 ThI
11329.498700 1 ThI
11325.500200 1 ThI
11324.762800 1 ThI
11324.345800 1 ThI
11314.514400 1 ThI
11310.406700 1 ThI
11306.881800 1 ThI
11306.638200 1 ThI
11304.223900 1 ThI
11300.695500 1 ThI
11300.631000 1 ThI
11292.733800 1 ThI
11288.440700 1 ThI
11279.901500 1 ThI
11279.424000 1 ThI
11276.653700 1 ThI
10.000000 0 
11263.222500 1 ThI
11262.065400 1 ThI
11261.206300 1 ThII
11258.171400 1 ThI
11256.586300 1 ArII
11251.429100 1 ArI
11249.765800 1 ThI
11248.492200 1 ThI
11247.446000 1 ThI
11247.394200 1 ThII
11242.057400 1 ThI
11236.751200 1 ThI
11233.329400 1 ThI
10.000000 0 
11228.603300 1 ThI
11227.312100 1 ThII
11224.248200 1 ThI
11218.722700 1 ThI
11208.646100 1 ThI
11206.898000 1 ThI
11193.776300 1 ThI
11192.750600 1 ThI
11188.988100 1 ThI
11185.900100 1 ThI
11183.766700 1 ThI
11182.160300 1 ThI
11176.336000 1 ArII
11165.153800 1 ThI
11160.611200 1 ThI
11142.927100 1 ThI
11142.019500 1 ThI
11141.867700 1 ThI
11137.518200 1 ThI
11136.926200 1 ArI
11131.334900 1 ThI
11128.586600 1 ThI
11127.787200 1 ThI
11127.064900 1 ThI
11121.808500 1 ArI
11117.197700 1 ThI
11109.492400 1 ArI
11104.843500 1 ThI
11101.823600 1 ThI
11097.530000 1 ThI
11095.193800 1 ThI
11093.767100 1 ThI
11081.903300 1 ArI
11077.838000 1 ThI
11076.763200 1 ThI
11074.507800 1 ThI
11060.036300 1 ThI
11058.013700 1 ThI
11054.921500 1 ThI
11053.999800 1 ThI
11049.244900 1 ThI
11046.171000 1 ThI
11046.010100 1 ThI
11041.313100 1 ThI
11039.339700 1 ThI
11034.625100 1 ThI
11031.104900 1 ThI
10.000000 0 
11026.614000 1 ThI
11024.786500 1 ThI
11019.862800 1 ThI
11019.803000 1 ThI
11004.806600 1 ThI
11003.909500 1 ThI
10993.221000 1 ThI
10986.640200 1 ThI
10986.209300 1 ThI
10985.990000 1 ThI
10985.917000 1 ThI
10979.520100 1 ThI
10968.253800 1 ThI
10966.981400 1 ThI
10965.886300 1 ThI
10.000000 0 
10953.727300 1 ArI
10951.149700 1 ThI
10950.867200 1 ArI
10945.433000 1 ThI
10945.401400 1 ThI
10945.242700 1 ThII
10944.620700 1 ThII
10941.907400 1 ThI
10930.191500 1 ThI
10927.477700 1 ThII
10926.712000 1 ThI
10926.436500 1 ArII
10916.568600 1 ThI
10914.314500 1 ThI
10904.175000 1 ThI
10897.857400 1 ThI
10895.346500 1 ArI
10893.266400 1 ThI
10885.554100 1 ThI
10883.923100 1 ArI
10872.940800 1 ThI
10870.316700 1 ArII
10869.926100 1 ThI
10867.570400 1 ThI
10865.478200 1 ThI
10864.053200 1 ArI
10860.329600 1 ThI
10856.430800 1 ThI
10847.374600 1 ThI
10838.225500 1 ThI
10837.140900 1 ThI
10.000000 0 
10823.043100 1 ThII
10816.532500 1 ThI
10816.355800 1 ThI
10815.860000 1 ArII
10815.241000 1 ThI
10810.304200 1 ThI
10809.974000 1 ArI
10807.482200 1 ThI
10806.875900 1 ThI
10805.491600 1 ThI
10803.116200 1 ThI
10803.006500 1 ThI
10797.019000 1 ThII
10789.319500 1 ThI
10788.864900 1 ThI
10782.048800 1 ThI
10779.932200 1 ThI
10777.288400 1 ThI
10776.320200 1 ArI
10775.385400 1 ThI
10773.334100 1 ArI
10.000000 0 
10757.275800 1 ThI
10755.415900 1 ThI
10.000000 0 
10752.434400 1 ThI
10752.372700 1 ThI
10747.309600 1 ThI
10.000000 0 
10736.795700 1 ArI
10735.183600 1 ThI
10729.864900 1 ThI
10728.356600 1 ThI
10726.861500 1 ThII
10725.168100 1 ArI
10715.723100 1 ArI
10.000000 0 
10703.918100 1 ArI
10703.286300 1 ThI
10693.101200 1 ThI
10686.331700 1 ArI
10684.699500 1 ArI
10681.288900 1 ThI
10676.489800 1 ArI
10671.414600 1 ThI
10667.153700 1 ThI
10663.776700 1 ThII
10.000000 0 
10652.571400 1 ThI
10649.432100 1 ThI
10643.235500 1 ThI
10641.037000 1 ArII
10637.195500 1 ArI
10632.752600 1 ThI
10625.454100 1 ThI
10617.910900 1 ThI
10616.291000 1 ThI
10612.859600 1 ThI
10610.009800 1 ThI
10608.365200 1 ThI
10604.241300 1 ThI
10603.496900 1 ThI
10599.809200 1 ThI
10597.680000 1 ThI
10594.249400 1 ThI
10589.997900 1 ThI
10589.824000 1 ThI
10587.921600 1 ThI
10584.612700 1 ThI
10584.579700 1 ThI
10579.255000 1 ThI
10570.075200 1 ThI
10568.199000 1 ThI
10.000000 0 
10559.342100 1 ThI
10557.728100 1 ThI
10556.774600 1 ThI
10548.181200 1 ThI
10.000000 0 
10543.842100 1 ThI
10543.102500 1 ThI
10539.750400 1 ThI
10536.269100 1 ThI
10.000000 0 
10532.212000 1 ArI
10530.670500 1 ThI
10530.014100 1 ThI
10528.722200 1 ThI
10522.393000 1 ArII
10521.066700 1 ThI
10515.084600 1 ThI
10512.414700 1 ThI
10509.380800 1 ArI
10508.999200 1 ArI
10505.466600 1 ThI
10501.368300 1 ThI
10498.479200 1 ThI
10497.715300 1 ThI
10495.132300 1 ThI
10490.298300 1 ThI
10486.237800 1 ThI
10480.904900 1 ArI
10480.567000 1 ThI
10472.922200 1 ArI
10470.048900 1 ArII
10462.586600 1 ThI
10453.305400 1 ThI
10443.370300 1 ArII
10442.366100 1 ThI
10439.723700 1 ThI
10437.953900 1 ThI
10437.746400 1 ThI
10436.966700 1 ThI
10432.528000 1 ThII
10426.976500 1 ThI
10426.652200 1 ThII
10422.433600 1 ThII
10420.730300 1 ThI
10415.844800 1 ThI
10415.355900 1 ThI
10413.282700 1 ThI
10411.349200 1 ThI
10405.902400 1 ThI
10404.246700 1 ThI
10390.341500 1 ThI
10381.663200 1 ThI
10380.984500 1 ThI
10380.331800 1 ThI
10372.367400 1 ThI
10365.799200 1 ThI
10362.840400 1 ThII
10361.006200 1 ThI
10353.167800 1 ThI
10351.884200 1 ThI
10349.372000 1 ThI
10347.115700 1 ThI
10337.757100 1 ThI
10335.555800 1 ArI
10320.186700 1 ThI
10319.718000 1 ThI
10317.720100 1 ThI
10.000000 0 
10311.369300 1 ThI
10306.900900 1 ThI
10303.989600 1 ThII
10302.695100 1 ThI
10295.869800 1 ThI
10291.811100 1 ThII
10288.304100 1 ThI
10285.934000 1 ThI
10281.676600 1 ThI
10281.162400 1 ThI
10.000000 0 
10.000000 0 
10274.003200 1 ThI
10271.365000 1 ThI
10271.073500 1 ArII
10.000000 0 
10260.180000 1 ThI
10258.390800 1 ThI
10256.836900 1 ArI
10253.488400 1 ThI
10250.365100 1 ThI
10244.582000 1 ThI
10238.833100 1 ThI
10226.460500 1 ThI
10223.797000 1 ArII
10222.180600 1 ThII
10221.232900 1 ThI
10.000000 0 
10217.236200 1 ThI
10214.331900 1 ThI
10197.694300 1 ThI
10191.207800 1 ThI
10187.330500 1 ThI
10183.383200 1 ThI
10181.308800 1 ThI
10177.796500 1 ThI
10166.165000 1 ArI
10147.045000 1 ThI
10144.176500 1 ThI
10143.210300 1 ThI
10140.164600 1 ThI
10136.343400 1 ThII
10134.144400 1 ThI
10129.325800 1 ThI
10123.431700 1 ThI
10120.762900 1 ThI
10114.646000 1 ThI
10114.365900 1 ArII
10108.315300 1 ThI
10107.846300 1 ThI
10105.344200 1 ThI
10091.900300 1 ThI
10089.168400 1 ThI
10086.549300 1 ThI
10085.642800 1 ThI
10085.479700 1 ThI
10083.986300 1 ThI
10082.303400 1 ThI
10081.668500 1 ThI
10071.735500 1 ArI
10058.965600 1 ThI
10057.718100 1 ThI
10.000000 1005 
10054.796300 1 ArI
10050.790800 1 ThI
10048.066300 1 ThI
10042.115700 1 ThI
10041.847800 1 ThI
10039.870600 1 ThI
10035.971300 1 ThI
10032.391400 1 ArI
10014.139500 1 ThI
10001.700600 1 ThI
10001.250200 1 ThI
9996.602600 1 ArII
9995.387200 1 ThI
9992.675500 1 ThI
9990.372900 1 ThI
9987.787100 1 ThI
9977.423400 1 ThI
9975.823700 1 ThI
9973.195500 1 ThI
9969.779000 1 ArII
9966.222300 1 ThI
9960.784600 1 ThI
9955.098600 1 ThI
10.000000 0 
9951.880400 1 ArII
9949.803800 1 ThI
9945.790100 1 ThII
9941.561000 1 ThI
9937.922600 1 ThI
9937.442400 1 ThI
9935.496800 1 ThI
9932.765600 1 ThI
9932.532000 1 ThI
9930.046400 1 ThI
9918.878000 1 ArII
9918.837600 1 ThI
9914.916700 1 ThI
9913.829900 1 ThI
9913.552800 1 ThI
10.000000 0 
9910.188000 1 ThI
9909.107400 1 ArII
9908.602400 1 ArII
9905.071700 1 ThI
9901.066100 1 ThI
9898.760900 1 ThI
9876.522000 1 ThI
9875.336500 1 ThI
9874.701600 1 ThI
9871.625800 1 ThI
9870.595800 1 ThI
9868.153400 1 ThI
9867.302700 1 ThII
9858.444100 1 ThI
9856.766000 1 ArII
9852.160100 1 ArII
9848.383400 1 ThI
9843.616700 1 ThI
9840.701900 1 ThI
0.800000 1 ThII
9836.119020 1 ThI
9834.364800 1 ThI
9833.395600 1 ThI
9829.143560 1 ThI
9821.869400 1 ThI
9817.647700 1 ThI
9817.110600 1 ArII
9815.839400 1 ThI
9815.387900 1 ThI
9806.382100 1 ArII
9804.395300 1 ThI
9803.050100 1 ThI
9799.931200 1 ThI
9798.886030 1 ThI
9792.195500 1 ThI
9788.035700 1 ThI
9787.186010 1 ArI
9785.764200 1 ArII
9782.134300 1 ThI
9776.246800 1 ArII
9772.212800 1 ThI
9767.282800 1 ThI
9761.312000 1 ArII
9759.894800 1 ThI
9758.819400 1 ArII
9756.266500 1 ThI
9749.135180 1 ThI
9746.233100 1 ThI
9741.292900 1 ThI
9738.880700 1 ThI
9721.157000 1 ThI
9718.806200 1 ThI
9704.932700 1 ThI
9704.238600 1 ThI
9703.271200 1 ThI
9703.222990 1 ThI
9697.689000 1 ThI
10.000000 0 
9680.880600 1 ThI
9679.490200 1 ThI
9678.756600 1 ThI
9677.444200 1 ThI
9669.032100 1 ThI
9667.348420 1 ThI
9666.293600 1 ThI
9660.434890 1 ArI
9659.090000 1 ThI
9645.964000 1 ThI
9645.121300 1 ThII
9635.285330 1 ThI
9633.385900 1 ThI
9632.209920 1 ThI
9630.311200 1 ThI
9627.838100 1 ThI
10.000000 0 
9621.854600 1 ThI
9616.327800 1 ThII
10.000000 0 
9611.571000 1 ThI
9611.121700 1 ThI
9604.565400 1 ArII
9598.022400 1 ThI
9592.972900 1 ThI
9589.656700 1 ThI
9585.707500 1 ThII
9585.441400 1 ThI
9579.973100 1 ThII
9574.127800 1 ThI
9570.453300 1 ThI
9569.904000 1 ThI
9568.181500 1 ThI
9563.867350 1 ThI
10.000000 0 
10.000000 0 
9550.649100 1 ThI
9539.022400 1 ThI
9513.555200 1 ThI
10.000000 0 
9510.260000 1 ThI
9507.999960 1 ThI
9504.044600 1 ThI
9502.905700 1 ThI
9502.661200 1 ThI
9499.793790 1 ThI
9498.102310 1 ThI
9489.527400 1 ThI
9484.891000 1 ThI
9484.856400 1 ThI
9480.930600 1 ArI
9477.520300 1 ThI
9477.478130 1 ThI
9473.279550 1 ThI
9469.792240 1 ThI
9463.802200 1 ThI
9463.622870 1 ThI
9463.464700 1 ThI
10.000000 0 
9461.221800 1 ThI
9457.795800 1 ThI
9453.051700 1 ThI
9449.581600 1 ThI
9439.401600 1 ThI
9434.869400 1 ThII
9434.186580 1 ThI
9423.203600 1 ThI
9423.063500 1 ArII
9420.040600 1 ThI
9416.671000 1 ThI
9411.930000 1 ThI
9401.667400 1 ThI
9394.840600 1 ThI
9393.161200 1 ThI
9391.506400 1 ThI
9385.846180 1 ThI
9363.554400 1 ThII
10.000000 0 
9356.786550 1 ArI
9346.771000 1 ThI
9346.657600 1 ThI
9343.267720 1 ThI
9338.723500 1 ThI
9329.806100 1 ThI
9322.628400 1 ThI
9322.480800 1 ThI
9320.286000 1 ThI
9312.998200 1 ThI
9310.449400 1 ThI
9302.565200 1 ThI
9297.524300 1 ThI
9294.080770 1 ArI
9292.111050 1 ThI
9290.126400 1 ThI
9287.853900 1 ThI
9278.818150 1 ThI
9273.724000 1 ThI
9272.693800 1 ThI
9270.231300 1 ThII
9269.630300 1 ThII
9269.613300 1 ThI
9269.462190 1 ThI
9268.749220 1 ThI
9266.224400 1 ThI
9262.866100 1 ThI
9253.118000 1 ThI
9247.790200 1 ThI
9241.860900 1 ThI
9236.391300 1 ThI
9235.809400 1 ThII
9235.029100 1 ThI
9230.043860 1 ThI
9227.030630 1 ArI
9224.870000 1 ThI
9223.962400 1 ThI
9218.448400 1 ThI
9211.107700 1 ThI
9210.551100 1 ThI
9206.487140 1 ThI
10.000000 920 
9202.208400 1 ThI
9201.287700 1 ArI
9200.999500 1 ArI
9197.162070 1 ArI
9196.115600 1 ThI
9190.086700 1 ThI
9181.298300 1 ThI
9173.338700 1 ThI
9170.310700 1 ThI
9168.410360 1 ThI
9158.699500 1 ThI
10.000000 0 
9137.198900 1 ThI
9134.780300 1 ThI
9128.834600 1 ThI
9125.471210 1 ArI
9122.138800 1 ThI
9120.639400 1 ThI
9114.032200 1 ThI
9109.726300 1 ThI
9103.580200 1 ThI
9097.600500 1 ArII
10.000000 0 
9097.324810 1 ThI
9093.313700 1 ThI
10.000000 0 
9077.886100 1 ArI
9075.806600 1 ArI
9074.769200 1 ThII
9072.070600 1 ThI
9069.736500 1 ThI
9068.600400 1 ThII
9066.447540 1 ThI
9065.050600 1 ThII
9060.743600 1 ThI
9058.564800 1 ThI
9055.970100 1 ThII
9055.740300 1 ThI
9051.008500 1 ThI
9050.733450 1 ThI
9047.835900 1 ThI
9042.604500 1 ThI
9040.374400 1 ThI
9034.298200 1 ThI
9020.066800 1 ArII
9019.065110 1 ThI
9015.000100 1 ThI
9012.356100 1 ThI
9010.927900 1 ArII
9000.346300 1 ThI
8997.657900 1 ThI
8993.361300 1 ThI
8989.874700 1 ThI
8987.746900 1 ThI
8983.204000 1 ThI
8972.328700 1 ThI
8970.101930 1 ThI
8969.462600 1 ThI
10.000000 0 
8964.607800 1 ArI
8960.445000 1 ThII
8958.304900 1 ThI
8951.579200 1 ThI
8944.113900 1 ThI
8930.543400 1 ThI
8930.178800 1 ThI
8913.302900 1 ThI
8909.476200 1 ThI
10.000000 0 
8895.981100 1 ThI
8895.427710 1 ThI
8892.720700 1 ThI
8891.634500 1 ThI
8877.668500 1 ThI
8871.268220 1 ThI
8868.010000 1 ThI
8863.408000 1 ThI
8861.450100 1 ThI
8857.338900 1 ThI
8855.221700 1 ThI
8852.324800 1 ArI
8851.744700 1 ThI
8850.733300 1 ThI
8844.502400 1 ThI
8843.610730 1 ThI
8832.118000 1 ThI
8824.182200 1 ThI
8822.843200 1 ThI
8822.652400 1 ThI
8820.164200 1 ThI
8818.593600 1 ThII
8814.929700 1 ThI
8812.673500 1 ThI
8808.647600 1 ThI
8807.007000 1 ThI
8801.504000 1 ArI
8800.588600 1 ThI
8794.471300 1 ThI
8786.973200 1 ArI
8785.127800 1 ThI
8777.982950 1 ThI
8775.214330 1 ThI
8774.269000 1 ArII
8769.152390 1 ThI
8764.093000 1 ArI
8762.855200 1 ThI
8760.648420 1 ThI
8753.608600 1 ThI
10.000000 0 
8750.433220 1 ThI
10.000000 0 
8736.422100 1 ThI
8734.823500 1 ThI
8733.220200 1 ThI
8726.772600 1 ThI
8724.853900 1 ThI
8716.046800 1 ThI
8712.806200 1 ThI
8711.625990 1 ThI
8709.750000 1 ThI
8707.250600 1 ThI
8706.094100 1 ThI
8703.511300 1 ThI
8693.722500 1 ThI
8690.234700 1 ThI
8680.792000 1 ArI
8670.497100 1 ThI
8670.325190 1 ArI
8667.865560 1 ThI
8658.253700 1 ThI
8651.524700 1 ThI
8647.683200 1 ThI
8641.814790 1 ThI
8640.735300 1 ThI
8623.691200 1 ThI
8622.828400 1 ArI
8618.589000 1 ThI
8608.140900 1 ArI
8595.469100 1 ThI
8594.199200 1 ThII
8590.805200 1 ThI
8579.633500 1 ThI
8577.687900 1 ThI
8575.475640 1 ThI
8560.798300 1 ThI
8558.675400 1 ThI
8557.294170 1 ThI
8546.943000 1 ThI
8546.069900 1 ThI
8542.139210 1 ThI
8533.797700 1 ThI
8523.783500 1 ArI
8521.672700 1 ThI
8518.894200 1 ThI
8512.962000 1 ThI
8503.777400 1 ThI
8503.015300 1 ThII
8498.794600 1 ThI
8498.670000 1 ThI
10.000000 0 
8492.639300 1 ArI
8480.861090 1 ThI
8480.687480 1 ThI
8474.153700 1 ThI
8467.996600 1 ThI
8466.562480 1 ThI
8452.995000 1 ThII
8448.832540 1 ThI
8447.807800 1 ThI
8447.529400 1 ThI
8428.695000 1 ThI
8426.962750 1 ArI
8426.343000 1 ThI
8423.539530 1 ThI
8420.311570 1 ThI
8419.407100 1 ThI
8419.039840 1 ThI
8414.229300 1 ThI
8410.520820 1 ArI
8408.987900 1 ThI
8406.106000 1 ThII
8404.299400 1 ThI
8401.566400 1 ThI
8390.841800 1 ThI
8389.410400 1 ThII
8388.033100 1 ThI
8387.027900 1 ArI
8381.528800 1 ThI
8371.641800 1 ThI
8369.693500 1 ThI
8368.373500 1 ThI
8361.022530 1 ThI
10.000000 0 
8348.836700 1 ThI
8343.770700 1 ThI
8337.997500 1 ThI
8332.739150 1 ThI
8323.142540 1 ThI
10.000000 0 
8299.457100 1 ThI
8297.830000 1 ThI
8294.806300 1 ThI
8290.693700 1 ThI
8277.901400 1 ThI
8266.794340 1 ArI
8266.195800 1 ThI
8263.285400 1 ThI
8261.782800 1 ThI
8257.011900 1 ThI
8255.883700 1 ThI
8254.662140 1 ThI
8233.669600 1 ThI
8229.733500 1 ThI
8219.484700 1 ThII
8216.405400 1 ThI
8211.702800 1 ThI
8209.735000 1 ThI
8205.455700 1 ThII
8204.401900 1 ThI
8196.647300 1 ThI
8189.162360 1 ThI
8174.370700 1 ThI
8172.032940 1 ThI
8165.365700 1 ThII
8161.971340 1 ThI
8159.786800 1 ThI
8145.377220 1 ThI
8142.139400 1 ThII
8140.713170 1 ThI
8140.636700 1 ThII
8140.173500 1 ThI
8131.640600 1 ThI
8124.957000 1 ThI
10.000000 812 
8121.414000 1 ArI
8117.543380 1 ArI
8116.779900 1 ThI
8105.921520 1 ArI
8095.849580 1 ThI
8094.463000 1 ThI
8091.709100 1 ThI
8087.442800 1 ThI
8077.873200 1 ThI
8069.045200 1 ThI
8064.847900 1 ThI
8055.523800 1 ArI
8048.330900 1 ArI
8037.848800 1 ThI
8035.117300 1 ThI
8034.640530 1 ThI
8032.408800 1 ThI
8028.421800 1 ThI
8027.934100 1 ThI
8026.460500 1 ThI
8024.537400 1 ThI
8024.408300 1 ThI
8016.990020 1 ArI
8008.358680 1 ArI
8002.246100 1 ThI
7995.879400 1 ThI
7993.563700 1 ThI
7990.170170 1 ThI
7981.167760 1 ThI
7976.352800 1 ThI
7974.788710 1 ThI
7972.447000 1 ThI
7964.174000 1 ThI
7963.551600 1 ThI
7963.349600 1 ThI
7956.780600 1 ThI
7950.362840 1 ArI
7943.910500 1 ThI
7939.916900 1 ThI
7906.607900 1 ThI
7902.493550 1 ThI
10.000000 0 
7893.246100 1 ArI
7888.452620 1 ThI
7870.359600 1 ArI
7868.133980 1 ThI
7866.185600 1 ThI
7850.614200 1 ThI
7849.961100 1 ThI
7849.698480 1 ThI
7849.655800 1 ThI
7844.422900 1 ThI
7843.948710 1 ThI
7842.615000 1 ThI
7842.455000 1 ThI
7838.614900 1 ThI
7837.776800 1 ThI
7836.612900 1 ThII
7819.921030 1 ThI
7812.774500 1 ThI
7806.678400 1 ThI
7800.503580 1 ThI
7791.077390 1 ThI
7789.943500 1 ThII
7789.795600 1 ThI
10.000000 0 
7780.632100 1 ThI
7778.811900 1 ThI
7774.084900 1 ThI
7744.693300 1 ThI
7733.866100 1 ThII
7731.077800 1 ThI
7726.333070 1 ArI
7725.886960 1 ArI
7723.326800 1 ThI
7716.061100 1 ThI
7712.391100 1 ThI
7705.806700 1 ThI
7701.898900 1 ThI
7701.522400 1 ThI
7700.042500 1 ThI
7695.917500 1 ThI
10.000000 0 
7687.422000 1 ThII
7680.239810 1 ThI
7672.169600 1 ArI
7668.678300 1 ThI
7662.998700 1 ThI
7660.432400 1 ThI
7656.807100 1 ThI
7655.935100 1 ThI
7654.426200 1 ThI
7653.854000 1 ThI
7649.484310 1 ThI
7640.883600 1 ThI
7639.487400 1 ThI
7638.276300 1 ThI
7637.207470 1 ArI
7634.233700 1 ThI
7632.637800 1 ThI
7632.410800 1 ThI
7629.274190 1 ThI
7627.804200 1 ThI
7627.218400 1 ThI
7622.174600 1 ThI
7609.917200 1 ThI
7600.296900 1 ThI
7587.880170 1 ThI
7587.783110 1 ThI
7571.595300 1 ThI
7569.825020 1 ThI
7569.681300 1 ThI
7567.935000 1 ThI
7551.392090 1 ThI
7533.217500 1 ThI
7527.580500 1 ThII
7525.206300 1 ThI
7516.721130 1 ArI
7513.858200 1 ThI
7510.546600 1 ThI
7505.935280 1 ArI
7501.069400 1 ThI
7490.035700 1 ThI
7486.388100 1 ArI
7485.686400 1 ThI
7483.414480 1 ThI
7473.220200 1 ArI
7457.259900 1 ThI
7449.900000 1 ThI
7446.799200 1 ThI
7438.345000 1 ArI
7437.416000 1 ArI
7432.299520 1 ThI
7430.986450 1 ThI
7420.593200 1 ThI
7419.833300 1 ThI
7414.378600 1 ArI
7404.290900 1 ThI
7395.474400 1 ThI
7395.016300 1 ArI
7387.534820 1 ThI
7386.209300 1 ThI
7386.014550 1 ArI
7385.744400 1 ThI
7378.908800 1 ThI
7374.149600 1 ArI
7355.319300 1 ArI
7343.173900 1 ThI
7330.303900 1 ThI
7326.825600 1 ThI
7313.731900 1 ArI
7286.910500 1 ThI
7274.939980 1 ArI
7260.177100 1 ThI
7246.692700 1 ThI
7244.087800 1 ThI
7221.140500 1 ThI
7220.043300 1 ThI
7214.677300 1 ThI
7209.992670 1 ThI
7208.967700 1 ArI
7208.468200 1 ThI
7202.028900 1 ThI
7175.349000 1 ThI
7170.870880 1 ThI
7152.255700 1 ThI
7150.529700 1 ThI
7149.011800 1 ArI
7126.524400 1 ThI
7086.122200 1 ThI
7069.166770 1 ArI
7062.601500 1 ThI
7020.502800 1 ThI
7002.734300 1 ThI
6991.582800 1 ThI
6967.352200 1 ArI
6945.526100 1 ThI
6913.133600 1 ThI
